<?xml version="1.0" encoding="UTF-8"?>
<!-- Generated by org.testng.reporters.JUnitReportReporter -->
<testsuite hostname="NithyaLenova" failures="0" tests="1" name="kodacarsTestScripts.TC001_LoginTest" time="5.345" errors="0" timestamp="2025-01-21T18:01:19 CST" skipped="0">
  <testcase classname="kodacarsTestScripts.TC001_LoginTest" name="ValidLoginCredentials" time="5.345"/>
</testsuite> <!-- kodacarsTestScripts.TC001_LoginTest -->
